<?xml version="1.0" encoding="UTF-8"?>
<testng-results skipped="0" failed="2" total="3" passed="1">
  <reporter-output>
  </reporter-output>
  <suite name="Suite" duration-ms="378233" started-at="2019-12-17T11:37:19Z" finished-at="2019-12-17T11:43:37Z">
    <groups>
    </groups>
    <test name="Test" duration-ms="378233" started-at="2019-12-17T11:37:19Z" finished-at="2019-12-17T11:43:37Z">
      <class name="BPTC.Testing.TestCases.NextDayBooking">
        <test-method status="PASS" signature="BrowserLaunch()[pri:0, instance:BPTC.Testing.TestCases.NextDayBooking@3159c4b8]" name="BrowserLaunch" is-config="true" duration-ms="87181" started-at="2019-12-17T17:09:29Z" finished-at="2019-12-17T17:10:56Z">
          <reporter-output>
          </reporter-output>
        </test-method> <!-- BrowserLaunch -->
        <test-method status="PASS" signature="NextDayBooking()[pri:0, instance:BPTC.Testing.TestCases.NextDayBooking@3159c4b8]" name="NextDayBooking" duration-ms="67166" started-at="2019-12-17T17:10:56Z" finished-at="2019-12-17T17:12:03Z">
          <reporter-output>
          </reporter-output>
        </test-method> <!-- NextDayBooking -->
        <test-method status="PASS" signature="BrowserClose()[pri:0, instance:BPTC.Testing.TestCases.NextDayBooking@3159c4b8]" name="BrowserClose" is-config="true" duration-ms="5124" started-at="2019-12-17T17:12:03Z" finished-at="2019-12-17T17:12:08Z">
          <reporter-output>
          </reporter-output>
        </test-method> <!-- BrowserClose -->
      </class> <!-- BPTC.Testing.TestCases.NextDayBooking -->
      <class name="BPTC.Testing.TestCases.SameDayBooking">
        <test-method status="PASS" signature="BrowserLaunch()[pri:0, instance:BPTC.Testing.TestCases.SameDayBooking@72d818d1]" name="BrowserLaunch" is-config="true" duration-ms="87067" started-at="2019-12-17T17:07:19Z" finished-at="2019-12-17T17:08:46Z">
          <reporter-output>
          </reporter-output>
        </test-method> <!-- BrowserLaunch -->
        <test-method status="FAIL" signature="SameDayBooking()[pri:0, instance:BPTC.Testing.TestCases.SameDayBooking@72d818d1]" name="SameDayBooking" duration-ms="39278" started-at="2019-12-17T17:08:46Z" finished-at="2019-12-17T17:09:25Z">
          <exception class="org.openqa.selenium.NoSuchElementException">
            <message>
              <![CDATA[no such element: Unable to locate element: {"method":"xpath","selector":"//ul[@id='aPuLocationUL']/li/a[text()='1019 E SHERIDAN DR , BLOOMINGTON, IN 47401']"}
  (Session info: chrome=79.0.3945.79)
For documentation on this error, please visit: https://www.seleniumhq.org/exceptions/no_such_element.html
Build info: version: '3.141.59', revision: 'e82be7d358', time: '2018-11-14T08:25:48'
System info: host: 'QA-003', ip: '172.20.10.4', os.name: 'Windows 7', os.arch: 'amd64', os.version: '6.1', java.version: '1.8.0_211'
Driver info: org.openqa.selenium.chrome.ChromeDriver
Capabilities {acceptInsecureCerts: false, browserName: chrome, browserVersion: 79.0.3945.79, chrome: {chromedriverVersion: 78.0.3904.105 (60e2d8774a81..., userDataDir: C:\Users\Akhalesh\AppData\L...}, goog:chromeOptions: {debuggerAddress: localhost:50669}, javascriptEnabled: true, networkConnectionEnabled: false, pageLoadStrategy: normal, platform: XP, platformName: XP, proxy: Proxy(), setWindowRect: true, strictFileInteractability: false, timeouts: {implicit: 0, pageLoad: 300000, script: 30000}, unhandledPromptBehavior: dismiss and notify}
Session ID: 64084af4c8e677308335b9a1d80f8c97
*** Element info: {Using=xpath, value=//ul[@id='aPuLocationUL']/li/a[text()='1019 E SHERIDAN DR , BLOOMINGTON, IN 47401']}]]>
            </message>
            <full-stacktrace>
              <![CDATA[org.openqa.selenium.NoSuchElementException: no such element: Unable to locate element: {"method":"xpath","selector":"//ul[@id='aPuLocationUL']/li/a[text()='1019 E SHERIDAN DR , BLOOMINGTON, IN 47401']"}
  (Session info: chrome=79.0.3945.79)
For documentation on this error, please visit: https://www.seleniumhq.org/exceptions/no_such_element.html
Build info: version: '3.141.59', revision: 'e82be7d358', time: '2018-11-14T08:25:48'
System info: host: 'QA-003', ip: '172.20.10.4', os.name: 'Windows 7', os.arch: 'amd64', os.version: '6.1', java.version: '1.8.0_211'
Driver info: org.openqa.selenium.chrome.ChromeDriver
Capabilities {acceptInsecureCerts: false, browserName: chrome, browserVersion: 79.0.3945.79, chrome: {chromedriverVersion: 78.0.3904.105 (60e2d8774a81..., userDataDir: C:\Users\Akhalesh\AppData\L...}, goog:chromeOptions: {debuggerAddress: localhost:50669}, javascriptEnabled: true, networkConnectionEnabled: false, pageLoadStrategy: normal, platform: XP, platformName: XP, proxy: Proxy(), setWindowRect: true, strictFileInteractability: false, timeouts: {implicit: 0, pageLoad: 300000, script: 30000}, unhandledPromptBehavior: dismiss and notify}
Session ID: 64084af4c8e677308335b9a1d80f8c97
*** Element info: {Using=xpath, value=//ul[@id='aPuLocationUL']/li/a[text()='1019 E SHERIDAN DR , BLOOMINGTON, IN 47401']}
	at sun.reflect.NativeConstructorAccessorImpl.newInstance0(Native Method)
	at sun.reflect.NativeConstructorAccessorImpl.newInstance(Unknown Source)
	at sun.reflect.DelegatingConstructorAccessorImpl.newInstance(Unknown Source)
	at java.lang.reflect.Constructor.newInstance(Unknown Source)
	at org.openqa.selenium.remote.http.W3CHttpResponseCodec.createException(W3CHttpResponseCodec.java:187)
	at org.openqa.selenium.remote.http.W3CHttpResponseCodec.decode(W3CHttpResponseCodec.java:122)
	at org.openqa.selenium.remote.http.W3CHttpResponseCodec.decode(W3CHttpResponseCodec.java:49)
	at org.openqa.selenium.remote.HttpCommandExecutor.execute(HttpCommandExecutor.java:158)
	at org.openqa.selenium.remote.service.DriverCommandExecutor.execute(DriverCommandExecutor.java:83)
	at org.openqa.selenium.remote.RemoteWebDriver.execute(RemoteWebDriver.java:552)
	at org.openqa.selenium.remote.RemoteWebDriver.findElement(RemoteWebDriver.java:323)
	at org.openqa.selenium.remote.RemoteWebDriver.findElementByXPath(RemoteWebDriver.java:428)
	at org.openqa.selenium.By$ByXPath.findElement(By.java:353)
	at org.openqa.selenium.remote.RemoteWebDriver.findElement(RemoteWebDriver.java:315)
	at BPTC.Testing.POM.TripBooking.SingleTripBooking(TripBooking.java:40)
	at BPTC.Testing.TestCases.SameDayBooking.SameDayBooking(SameDayBooking.java:23)
	at sun.reflect.NativeMethodAccessorImpl.invoke0(Native Method)
	at sun.reflect.NativeMethodAccessorImpl.invoke(Unknown Source)
	at sun.reflect.DelegatingMethodAccessorImpl.invoke(Unknown Source)
	at java.lang.reflect.Method.invoke(Unknown Source)
	at org.testng.internal.MethodInvocationHelper.invokeMethod(MethodInvocationHelper.java:85)
	at org.testng.internal.Invoker.invokeMethod(Invoker.java:639)
	at org.testng.internal.Invoker.invokeTestMethod(Invoker.java:821)
	at org.testng.internal.Invoker.invokeTestMethods(Invoker.java:1131)
	at org.testng.internal.TestMethodWorker.invokeTestMethods(TestMethodWorker.java:124)
	at org.testng.internal.TestMethodWorker.run(TestMethodWorker.java:108)
	at org.testng.TestRunner.privateRun(TestRunner.java:773)
	at org.testng.TestRunner.run(TestRunner.java:623)
	at org.testng.SuiteRunner.runTest(SuiteRunner.java:357)
	at org.testng.SuiteRunner.runSequentially(SuiteRunner.java:352)
	at org.testng.SuiteRunner.privateRun(SuiteRunner.java:310)
	at org.testng.SuiteRunner.run(SuiteRunner.java:259)
	at org.testng.SuiteRunnerWorker.runSuite(SuiteRunnerWorker.java:52)
	at org.testng.SuiteRunnerWorker.run(SuiteRunnerWorker.java:86)
	at org.testng.TestNG.runSuitesSequentially(TestNG.java:1185)
	at org.testng.TestNG.runSuitesLocally(TestNG.java:1110)
	at org.testng.TestNG.run(TestNG.java:1018)
	at org.testng.remote.AbstractRemoteTestNG.run(AbstractRemoteTestNG.java:115)
	at org.testng.remote.RemoteTestNG.initAndRun(RemoteTestNG.java:251)
	at org.testng.remote.RemoteTestNG.main(RemoteTestNG.java:77)
]]>
            </full-stacktrace>
          </exception> <!-- org.openqa.selenium.NoSuchElementException -->
          <reporter-output>
          </reporter-output>
        </test-method> <!-- SameDayBooking -->
        <test-method status="PASS" signature="BrowserClose()[pri:0, instance:BPTC.Testing.TestCases.SameDayBooking@72d818d1]" name="BrowserClose" is-config="true" duration-ms="3683" started-at="2019-12-17T17:09:25Z" finished-at="2019-12-17T17:09:29Z">
          <reporter-output>
          </reporter-output>
        </test-method> <!-- BrowserClose -->
        <test-method status="PASS" signature="ExcelReport()[pri:0, instance:BPTC.Testing.TestCases.SameDayBooking@72d818d1]" name="ExcelReport" is-config="true" duration-ms="2008" started-at="2019-12-17T17:13:37Z" finished-at="2019-12-17T17:13:39Z">
          <reporter-output>
          </reporter-output>
        </test-method> <!-- ExcelReport -->
      </class> <!-- BPTC.Testing.TestCases.SameDayBooking -->
      <class name="BPTC.Testing.TestCases.SaturdayAndSundayBooking">
        <test-method status="PASS" signature="BrowserLaunch()[pri:0, instance:BPTC.Testing.TestCases.SaturdayAndSundayBooking@73846619]" name="BrowserLaunch" is-config="true" duration-ms="45961" started-at="2019-12-17T17:12:08Z" finished-at="2019-12-17T17:12:54Z">
          <reporter-output>
          </reporter-output>
        </test-method> <!-- BrowserLaunch -->
        <test-method status="FAIL" signature="SaturdayAndSundayBooking()[pri:0, instance:BPTC.Testing.TestCases.SaturdayAndSundayBooking@73846619]" name="SaturdayAndSundayBooking" duration-ms="39084" started-at="2019-12-17T17:12:54Z" finished-at="2019-12-17T17:13:33Z">
          <exception class="org.openqa.selenium.NoSuchElementException">
            <message>
              <![CDATA[no such element: Unable to locate element: {"method":"xpath","selector":"//ul[@id='aPuLocationUL']/li/a[text()='1019 E SHERIDAN DR , BLOOMINGTON, IN 47401']"}
  (Session info: chrome=79.0.3945.79)
For documentation on this error, please visit: https://www.seleniumhq.org/exceptions/no_such_element.html
Build info: version: '3.141.59', revision: 'e82be7d358', time: '2018-11-14T08:25:48'
System info: host: 'QA-003', ip: '172.20.10.4', os.name: 'Windows 7', os.arch: 'amd64', os.version: '6.1', java.version: '1.8.0_211'
Driver info: org.openqa.selenium.chrome.ChromeDriver
Capabilities {acceptInsecureCerts: false, browserName: chrome, browserVersion: 79.0.3945.79, chrome: {chromedriverVersion: 78.0.3904.105 (60e2d8774a81..., userDataDir: C:\Users\Akhalesh\AppData\L...}, goog:chromeOptions: {debuggerAddress: localhost:50859}, javascriptEnabled: true, networkConnectionEnabled: false, pageLoadStrategy: normal, platform: XP, platformName: XP, proxy: Proxy(), setWindowRect: true, strictFileInteractability: false, timeouts: {implicit: 0, pageLoad: 300000, script: 30000}, unhandledPromptBehavior: dismiss and notify}
Session ID: 12af3ae507bf0f2e4523f591e80a1626
*** Element info: {Using=xpath, value=//ul[@id='aPuLocationUL']/li/a[text()='1019 E SHERIDAN DR , BLOOMINGTON, IN 47401']}]]>
            </message>
            <full-stacktrace>
              <![CDATA[org.openqa.selenium.NoSuchElementException: no such element: Unable to locate element: {"method":"xpath","selector":"//ul[@id='aPuLocationUL']/li/a[text()='1019 E SHERIDAN DR , BLOOMINGTON, IN 47401']"}
  (Session info: chrome=79.0.3945.79)
For documentation on this error, please visit: https://www.seleniumhq.org/exceptions/no_such_element.html
Build info: version: '3.141.59', revision: 'e82be7d358', time: '2018-11-14T08:25:48'
System info: host: 'QA-003', ip: '172.20.10.4', os.name: 'Windows 7', os.arch: 'amd64', os.version: '6.1', java.version: '1.8.0_211'
Driver info: org.openqa.selenium.chrome.ChromeDriver
Capabilities {acceptInsecureCerts: false, browserName: chrome, browserVersion: 79.0.3945.79, chrome: {chromedriverVersion: 78.0.3904.105 (60e2d8774a81..., userDataDir: C:\Users\Akhalesh\AppData\L...}, goog:chromeOptions: {debuggerAddress: localhost:50859}, javascriptEnabled: true, networkConnectionEnabled: false, pageLoadStrategy: normal, platform: XP, platformName: XP, proxy: Proxy(), setWindowRect: true, strictFileInteractability: false, timeouts: {implicit: 0, pageLoad: 300000, script: 30000}, unhandledPromptBehavior: dismiss and notify}
Session ID: 12af3ae507bf0f2e4523f591e80a1626
*** Element info: {Using=xpath, value=//ul[@id='aPuLocationUL']/li/a[text()='1019 E SHERIDAN DR , BLOOMINGTON, IN 47401']}
	at sun.reflect.NativeConstructorAccessorImpl.newInstance0(Native Method)
	at sun.reflect.NativeConstructorAccessorImpl.newInstance(Unknown Source)
	at sun.reflect.DelegatingConstructorAccessorImpl.newInstance(Unknown Source)
	at java.lang.reflect.Constructor.newInstance(Unknown Source)
	at org.openqa.selenium.remote.http.W3CHttpResponseCodec.createException(W3CHttpResponseCodec.java:187)
	at org.openqa.selenium.remote.http.W3CHttpResponseCodec.decode(W3CHttpResponseCodec.java:122)
	at org.openqa.selenium.remote.http.W3CHttpResponseCodec.decode(W3CHttpResponseCodec.java:49)
	at org.openqa.selenium.remote.HttpCommandExecutor.execute(HttpCommandExecutor.java:158)
	at org.openqa.selenium.remote.service.DriverCommandExecutor.execute(DriverCommandExecutor.java:83)
	at org.openqa.selenium.remote.RemoteWebDriver.execute(RemoteWebDriver.java:552)
	at org.openqa.selenium.remote.RemoteWebDriver.findElement(RemoteWebDriver.java:323)
	at org.openqa.selenium.remote.RemoteWebDriver.findElementByXPath(RemoteWebDriver.java:428)
	at org.openqa.selenium.By$ByXPath.findElement(By.java:353)
	at org.openqa.selenium.remote.RemoteWebDriver.findElement(RemoteWebDriver.java:315)
	at BPTC.Testing.POM.TripBooking.SingleTripBooking(TripBooking.java:40)
	at BPTC.Testing.TestCases.SaturdayAndSundayBooking.SaturdayAndSundayBooking(SaturdayAndSundayBooking.java:23)
	at sun.reflect.NativeMethodAccessorImpl.invoke0(Native Method)
	at sun.reflect.NativeMethodAccessorImpl.invoke(Unknown Source)
	at sun.reflect.DelegatingMethodAccessorImpl.invoke(Unknown Source)
	at java.lang.reflect.Method.invoke(Unknown Source)
	at org.testng.internal.MethodInvocationHelper.invokeMethod(MethodInvocationHelper.java:85)
	at org.testng.internal.Invoker.invokeMethod(Invoker.java:639)
	at org.testng.internal.Invoker.invokeTestMethod(Invoker.java:821)
	at org.testng.internal.Invoker.invokeTestMethods(Invoker.java:1131)
	at org.testng.internal.TestMethodWorker.invokeTestMethods(TestMethodWorker.java:124)
	at org.testng.internal.TestMethodWorker.run(TestMethodWorker.java:108)
	at org.testng.TestRunner.privateRun(TestRunner.java:773)
	at org.testng.TestRunner.run(TestRunner.java:623)
	at org.testng.SuiteRunner.runTest(SuiteRunner.java:357)
	at org.testng.SuiteRunner.runSequentially(SuiteRunner.java:352)
	at org.testng.SuiteRunner.privateRun(SuiteRunner.java:310)
	at org.testng.SuiteRunner.run(SuiteRunner.java:259)
	at org.testng.SuiteRunnerWorker.runSuite(SuiteRunnerWorker.java:52)
	at org.testng.SuiteRunnerWorker.run(SuiteRunnerWorker.java:86)
	at org.testng.TestNG.runSuitesSequentially(TestNG.java:1185)
	at org.testng.TestNG.runSuitesLocally(TestNG.java:1110)
	at org.testng.TestNG.run(TestNG.java:1018)
	at org.testng.remote.AbstractRemoteTestNG.run(AbstractRemoteTestNG.java:115)
	at org.testng.remote.RemoteTestNG.initAndRun(RemoteTestNG.java:251)
	at org.testng.remote.RemoteTestNG.main(RemoteTestNG.java:77)
]]>
            </full-stacktrace>
          </exception> <!-- org.openqa.selenium.NoSuchElementException -->
          <reporter-output>
          </reporter-output>
        </test-method> <!-- SaturdayAndSundayBooking -->
        <test-method status="PASS" signature="BrowserClose()[pri:0, instance:BPTC.Testing.TestCases.SaturdayAndSundayBooking@73846619]" name="BrowserClose" is-config="true" duration-ms="3647" started-at="2019-12-17T17:13:33Z" finished-at="2019-12-17T17:13:37Z">
          <reporter-output>
          </reporter-output>
        </test-method> <!-- BrowserClose -->
      </class> <!-- BPTC.Testing.TestCases.SaturdayAndSundayBooking -->
    </test> <!-- Test -->
  </suite> <!-- Suite -->
</testng-results>
